<?xml version="1.0" encoding="UTF-8"?>
<testng-results ignored="0" total="2" passed="2" failed="0" skipped="0">
  <reporter-output>
  </reporter-output>
  <suite started-at="2023-09-30T11:18:52 IST" name="Surefire suite" finished-at="2023-09-30T11:19:34 IST" duration-ms="41403">
    <groups>
    </groups>
    <test started-at="2023-09-30T11:18:52 IST" name="Surefire test" finished-at="2023-09-30T11:19:34 IST" duration-ms="41403">
      <class name="com.example.Test_Data">
        <test-method is-config="true" signature="setUp()[pri:0, instance:com.example.Test_Data@5b94b04d]" started-at="2023-09-30T11:18:52 IST" name="setUp" finished-at="2023-09-30T11:18:59 IST" duration-ms="6320" status="PASS">
          <reporter-output>
          </reporter-output>
        </test-method> <!-- setUp -->
        <test-method signature="A_Login()[pri:0, instance:com.example.Test_Data@5b94b04d]" started-at="2023-09-30T11:18:59 IST" name="A_Login" finished-at="2023-09-30T11:19:17 IST" duration-ms="18360" status="PASS">
          <reporter-output>
          </reporter-output>
        </test-method> <!-- A_Login -->
        <test-method signature="B_Delete_Pakage()[pri:0, instance:com.example.Test_Data@5b94b04d]" started-at="2023-09-30T11:19:17 IST" name="B_Delete_Pakage" finished-at="2023-09-30T11:19:34 IST" duration-ms="16682" status="PASS">
          <reporter-output>
          </reporter-output>
        </test-method> <!-- B_Delete_Pakage -->
      </class> <!-- com.example.Test_Data -->
    </test> <!-- Surefire test -->
  </suite> <!-- Surefire suite -->
</testng-results>
