<?xml version="1.0" encoding="UTF-8"?>
<testsuite xmlns:xsi="http://www.w3.org/2001/XMLSchema-instance" xsi:noNamespaceSchemaLocation="https://maven.apache.org/surefire/maven-surefire-plugin/xsd/surefire-test-report-3.0.xsd" version="3.0" name="TestSuite" time="41.923" tests="2" errors="0" skipped="0" failures="0">
  <properties>
[...]
</properties>
  <testcase name="A_Login" classname="com.example.Test_Data" time="18.367">
    <system-out><![CDATA[TEST CASE 1 PASS
]]></system-out>
    <system-err><![CDATA[Starting Microsoft Edge WebDriver 116.0.1938.81 (bc0eb28b55bd39571b5d9b4b46f78b06ab9e80b0) on port 48333
To submit feedback, report a bug, or suggest new features, please visit https://github.com/MicrosoftEdge/EdgeWebDriver

Only local connections are allowed.
Please see https://aka.ms/WebDriverSecurity for suggestions on keeping Microsoft Edge WebDriver safe.

Microsoft Edge WebDriver was started successfully.
[1696052934.187][WARNING]: This version of Microsoft Edge WebDriver has not been tested with msedge version 117.
Sep 30, 2023 11:18:54 AM org.openqa.selenium.remote.ProtocolHandshake createSession
INFO: Detected dialect: W3C
]]></system-err>
  </testcase>
  <testcase name="B_Delete_Pakage" classname="com.example.Test_Data" time="16.68">
    <system-out><![CDATA[TEST CASE 2 PASS
]]></system-out>
  </testcase>
</testsuite>