<?xml version="1.0" encoding="UTF-8"?>
<testng-results ignored="0" total="2" passed="2" failed="0" skipped="0">
  <reporter-output>
  </reporter-output>
  <suite started-at="2023-09-29T18:53:41 IST" name="Default suite" finished-at="2023-09-29T18:54:21 IST" duration-ms="39702">
    <groups>
    </groups>
    <test started-at="2023-09-29T18:53:41 IST" name="Default test" finished-at="2023-09-29T18:54:21 IST" duration-ms="39702">
      <class name="com.example.Test_Data">
        <test-method is-config="true" signature="setUp()[pri:0, instance:com.example.Test_Data@31368b99]" started-at="2023-09-29T18:53:41 IST" name="setUp" finished-at="2023-09-29T18:53:48 IST" duration-ms="7016" status="PASS">
          <reporter-output>
          </reporter-output>
        </test-method> <!-- setUp -->
        <test-method signature="A_Login()[pri:0, instance:com.example.Test_Data@31368b99]" started-at="2023-09-29T18:53:48 IST" name="A_Login" finished-at="2023-09-29T18:54:05 IST" duration-ms="16673" status="PASS">
          <reporter-output>
          </reporter-output>
        </test-method> <!-- A_Login -->
        <test-method signature="B_Delete_Pakage()[pri:0, instance:com.example.Test_Data@31368b99]" started-at="2023-09-29T18:54:05 IST" name="B_Delete_Pakage" finished-at="2023-09-29T18:54:21 IST" duration-ms="15984" status="PASS">
          <reporter-output>
          </reporter-output>
        </test-method> <!-- B_Delete_Pakage -->
      </class> <!-- com.example.Test_Data -->
    </test> <!-- Default test -->
  </suite> <!-- Default suite -->
</testng-results>
